

Microchip MPLAB XC8 Assembler V2.31 build 20201012212115 
                                                                                               Mon Aug 09 11:37:34 2021

Microchip MPLAB XC8 C Compiler v2.31 (Free license) build 20201012212115 Og1 
     1                           	processor	16F887
     2                           	pagewidth 120
     3                           	opt	flic
     4                           	psect	cinit,global,class=CODE,merge=1,delta=2
     5                           	psect	cstackCOMMON,global,class=COMMON,space=1,delta=1,noexec
     6                           	psect	cstackBANK0,global,class=BANK0,space=1,delta=1,noexec
     7                           	psect	maintext,global,class=CODE,split=1,delta=2
     8                           	psect	text1,local,class=CODE,merge=1,delta=2
     9                           	psect	text2,local,class=CODE,merge=1,delta=2
    10                           	psect	text3,local,class=CODE,merge=1,delta=2,group=1
    11                           	psect	text4,local,class=CODE,merge=1,delta=2
    12                           	psect	text5,local,class=CODE,merge=1,delta=2
    13                           	psect	text6,local,class=CODE,merge=1,delta=2
    14                           	psect	text7,local,class=CODE,merge=1,delta=2
    15                           	psect	text8,local,class=CODE,merge=1,delta=2
    16                           	psect	text9,local,class=CODE,merge=1,delta=2
    17                           	psect	intentry,global,class=CODE,delta=2
    18                           	psect	config,global,abs,ovrld,class=CONFIG,space=4,delta=2,noexec
    19                           	dabs	1,0x7E,2
    20  0000                     
    21                           ; Version 2.20
    22                           ; Generated 12/02/2020 GMT
    23                           ; 
    24                           ; Copyright © 2020, Microchip Technology Inc. and its subsidiaries ("Microchip")
    25                           ; All rights reserved.
    26                           ; 
    27                           ; This software is developed by Microchip Technology Inc. and its subsidiaries ("Microch
      +                          ip").
    28                           ; 
    29                           ; Redistribution and use in source and binary forms, with or without modification, are
    30                           ; permitted provided that the following conditions are met:
    31                           ; 
    32                           ;     1. Redistributions of source code must retain the above copyright notice, this lis
      +                          t of
    33                           ;        conditions and the following disclaimer.
    34                           ; 
    35                           ;     2. Redistributions in binary form must reproduce the above copyright notice, this 
      +                          list
    36                           ;        of conditions and the following disclaimer in the documentation and/or other
    37                           ;        materials provided with the distribution.
    38                           ; 
    39                           ;     3. Microchip's name may not be used to endorse or promote products derived from th
      +                          is
    40                           ;        software without specific prior written permission.
    41                           ; 
    42                           ; THIS SOFTWARE IS PROVIDED BY MICROCHIP "AS IS" AND ANY EXPRESS OR IMPLIED WARRANTIES,
    43                           ; INCLUDING, BUT NOT LIMITED TO, THE IMPLIED WARRANTIES OF MERCHANTABILITY AND FITNESS F
      +                          OR
    44                           ; PURPOSE ARE DISCLAIMED.  IN NO EVENT SHALL MICROCHIP BE LIABLE FOR ANY DIRECT, INDIREC
      +                          T,
    45                           ; INCIDENTAL, SPECIAL, EXEMPLARY, OR CONSEQUENTIAL DAMAGES (INCLUDING BUT NOT LIMITED TO
    46                           ; PROCUREMENT OF SUBSTITUTE GOODS OR SERVICES; LOSS OF USE, DATA OR PROFITS; OR BUSINESS
    47                           ; INTERRUPTION) HOWSOEVER CAUSED AND ON ANY THEORY OF LIABILITY, WHETHER IN CONTRACT, ST
      +                          RICT
    48                           ; LIABILITY, OR TORT (INCLUDING NEGLIGENCE OR OTHERWISE) ARISING IN ANY WAY OUT OF THE U
      +                          SE OF
    49                           ; THIS SOFTWARE, EVEN IF ADVISED OF THE POSSIBILITY OF SUCH DAMAGE.
    50                           ; 
    51                           ; 
    52                           ; Code-generator required, PIC16F887 Definitions
    53                           ; 
    54                           ; SFR Addresses
    55  0000                     	;# 
    56  0001                     	;# 
    57  0002                     	;# 
    58  0003                     	;# 
    59  0004                     	;# 
    60  0005                     	;# 
    61  0006                     	;# 
    62  0007                     	;# 
    63  0008                     	;# 
    64  0009                     	;# 
    65  000A                     	;# 
    66  000B                     	;# 
    67  000C                     	;# 
    68  000D                     	;# 
    69  000E                     	;# 
    70  000E                     	;# 
    71  000F                     	;# 
    72  0010                     	;# 
    73  0011                     	;# 
    74  0012                     	;# 
    75  0013                     	;# 
    76  0014                     	;# 
    77  0015                     	;# 
    78  0015                     	;# 
    79  0016                     	;# 
    80  0017                     	;# 
    81  0018                     	;# 
    82  0019                     	;# 
    83  001A                     	;# 
    84  001B                     	;# 
    85  001B                     	;# 
    86  001C                     	;# 
    87  001D                     	;# 
    88  001E                     	;# 
    89  001F                     	;# 
    90  0081                     	;# 
    91  0085                     	;# 
    92  0086                     	;# 
    93  0087                     	;# 
    94  0088                     	;# 
    95  0089                     	;# 
    96  008C                     	;# 
    97  008D                     	;# 
    98  008E                     	;# 
    99  008F                     	;# 
   100  0090                     	;# 
   101  0091                     	;# 
   102  0092                     	;# 
   103  0093                     	;# 
   104  0093                     	;# 
   105  0093                     	;# 
   106  0094                     	;# 
   107  0095                     	;# 
   108  0096                     	;# 
   109  0097                     	;# 
   110  0098                     	;# 
   111  0099                     	;# 
   112  009A                     	;# 
   113  009B                     	;# 
   114  009C                     	;# 
   115  009D                     	;# 
   116  009E                     	;# 
   117  009F                     	;# 
   118  0105                     	;# 
   119  0107                     	;# 
   120  0108                     	;# 
   121  0109                     	;# 
   122  010C                     	;# 
   123  010C                     	;# 
   124  010D                     	;# 
   125  010E                     	;# 
   126  010F                     	;# 
   127  0185                     	;# 
   128  0187                     	;# 
   129  0188                     	;# 
   130  0189                     	;# 
   131  018C                     	;# 
   132  018D                     	;# 
   133  0000                     	;# 
   134  0001                     	;# 
   135  0002                     	;# 
   136  0003                     	;# 
   137  0004                     	;# 
   138  0005                     	;# 
   139  0006                     	;# 
   140  0007                     	;# 
   141  0008                     	;# 
   142  0009                     	;# 
   143  000A                     	;# 
   144  000B                     	;# 
   145  000C                     	;# 
   146  000D                     	;# 
   147  000E                     	;# 
   148  000E                     	;# 
   149  000F                     	;# 
   150  0010                     	;# 
   151  0011                     	;# 
   152  0012                     	;# 
   153  0013                     	;# 
   154  0014                     	;# 
   155  0015                     	;# 
   156  0015                     	;# 
   157  0016                     	;# 
   158  0017                     	;# 
   159  0018                     	;# 
   160  0019                     	;# 
   161  001A                     	;# 
   162  001B                     	;# 
   163  001B                     	;# 
   164  001C                     	;# 
   165  001D                     	;# 
   166  001E                     	;# 
   167  001F                     	;# 
   168  0081                     	;# 
   169  0085                     	;# 
   170  0086                     	;# 
   171  0087                     	;# 
   172  0088                     	;# 
   173  0089                     	;# 
   174  008C                     	;# 
   175  008D                     	;# 
   176  008E                     	;# 
   177  008F                     	;# 
   178  0090                     	;# 
   179  0091                     	;# 
   180  0092                     	;# 
   181  0093                     	;# 
   182  0093                     	;# 
   183  0093                     	;# 
   184  0094                     	;# 
   185  0095                     	;# 
   186  0096                     	;# 
   187  0097                     	;# 
   188  0098                     	;# 
   189  0099                     	;# 
   190  009A                     	;# 
   191  009B                     	;# 
   192  009C                     	;# 
   193  009D                     	;# 
   194  009E                     	;# 
   195  009F                     	;# 
   196  0105                     	;# 
   197  0107                     	;# 
   198  0108                     	;# 
   199  0109                     	;# 
   200  010C                     	;# 
   201  010C                     	;# 
   202  010D                     	;# 
   203  010E                     	;# 
   204  010F                     	;# 
   205  0185                     	;# 
   206  0187                     	;# 
   207  0188                     	;# 
   208  0189                     	;# 
   209  018C                     	;# 
   210  018D                     	;# 
   211  0000                     	;# 
   212  0001                     	;# 
   213  0002                     	;# 
   214  0003                     	;# 
   215  0004                     	;# 
   216  0005                     	;# 
   217  0006                     	;# 
   218  0007                     	;# 
   219  0008                     	;# 
   220  0009                     	;# 
   221  000A                     	;# 
   222  000B                     	;# 
   223  000C                     	;# 
   224  000D                     	;# 
   225  000E                     	;# 
   226  000E                     	;# 
   227  000F                     	;# 
   228  0010                     	;# 
   229  0011                     	;# 
   230  0012                     	;# 
   231  0013                     	;# 
   232  0014                     	;# 
   233  0015                     	;# 
   234  0015                     	;# 
   235  0016                     	;# 
   236  0017                     	;# 
   237  0018                     	;# 
   238  0019                     	;# 
   239  001A                     	;# 
   240  001B                     	;# 
   241  001B                     	;# 
   242  001C                     	;# 
   243  001D                     	;# 
   244  001E                     	;# 
   245  001F                     	;# 
   246  0081                     	;# 
   247  0085                     	;# 
   248  0086                     	;# 
   249  0087                     	;# 
   250  0088                     	;# 
   251  0089                     	;# 
   252  008C                     	;# 
   253  008D                     	;# 
   254  008E                     	;# 
   255  008F                     	;# 
   256  0090                     	;# 
   257  0091                     	;# 
   258  0092                     	;# 
   259  0093                     	;# 
   260  0093                     	;# 
   261  0093                     	;# 
   262  0094                     	;# 
   263  0095                     	;# 
   264  0096                     	;# 
   265  0097                     	;# 
   266  0098                     	;# 
   267  0099                     	;# 
   268  009A                     	;# 
   269  009B                     	;# 
   270  009C                     	;# 
   271  009D                     	;# 
   272  009E                     	;# 
   273  009F                     	;# 
   274  0105                     	;# 
   275  0107                     	;# 
   276  0108                     	;# 
   277  0109                     	;# 
   278  010C                     	;# 
   279  010C                     	;# 
   280  010D                     	;# 
   281  010E                     	;# 
   282  010F                     	;# 
   283  0185                     	;# 
   284  0187                     	;# 
   285  0188                     	;# 
   286  0189                     	;# 
   287  018C                     	;# 
   288  018D                     	;# 
   289  0000                     	;# 
   290  0001                     	;# 
   291  0002                     	;# 
   292  0003                     	;# 
   293  0004                     	;# 
   294  0005                     	;# 
   295  0006                     	;# 
   296  0007                     	;# 
   297  0008                     	;# 
   298  0009                     	;# 
   299  000A                     	;# 
   300  000B                     	;# 
   301  000C                     	;# 
   302  000D                     	;# 
   303  000E                     	;# 
   304  000E                     	;# 
   305  000F                     	;# 
   306  0010                     	;# 
   307  0011                     	;# 
   308  0012                     	;# 
   309  0013                     	;# 
   310  0014                     	;# 
   311  0015                     	;# 
   312  0015                     	;# 
   313  0016                     	;# 
   314  0017                     	;# 
   315  0018                     	;# 
   316  0019                     	;# 
   317  001A                     	;# 
   318  001B                     	;# 
   319  001B                     	;# 
   320  001C                     	;# 
   321  001D                     	;# 
   322  001E                     	;# 
   323  001F                     	;# 
   324  0081                     	;# 
   325  0085                     	;# 
   326  0086                     	;# 
   327  0087                     	;# 
   328  0088                     	;# 
   329  0089                     	;# 
   330  008C                     	;# 
   331  008D                     	;# 
   332  008E                     	;# 
   333  008F                     	;# 
   334  0090                     	;# 
   335  0091                     	;# 
   336  0092                     	;# 
   337  0093                     	;# 
   338  0093                     	;# 
   339  0093                     	;# 
   340  0094                     	;# 
   341  0095                     	;# 
   342  0096                     	;# 
   343  0097                     	;# 
   344  0098                     	;# 
   345  0099                     	;# 
   346  009A                     	;# 
   347  009B                     	;# 
   348  009C                     	;# 
   349  009D                     	;# 
   350  009E                     	;# 
   351  009F                     	;# 
   352  0105                     	;# 
   353  0107                     	;# 
   354  0108                     	;# 
   355  0109                     	;# 
   356  010C                     	;# 
   357  010C                     	;# 
   358  010D                     	;# 
   359  010E                     	;# 
   360  010F                     	;# 
   361  0185                     	;# 
   362  0187                     	;# 
   363  0188                     	;# 
   364  0189                     	;# 
   365  018C                     	;# 
   366  018D                     	;# 
   367  0013                     _SSPBUF	set	19
   368  0014                     _SSPCON	set	20
   369  0009                     _PORTE	set	9
   370  0007                     _PORTC	set	7
   371  0005                     _PORTA	set	5
   372  0008                     _PORTD	set	8
   373  0006                     _PORTB	set	6
   374  0049                     _RE1	set	73
   375  0048                     _RE0	set	72
   376  0047                     _RD7	set	71
   377  0046                     _RD6	set	70
   378  0045                     _RD5	set	69
   379  0044                     _RD4	set	68
   380  0043                     _RD3	set	67
   381  0042                     _RD2	set	66
   382  0041                     _RD1	set	65
   383  0040                     _RD0	set	64
   384  0063                     _SSPIF	set	99
   385  005E                     _PEIE	set	94
   386  005F                     _GIE	set	95
   387  0091                     _SSPCON2bits	set	145
   388  0087                     _TRISCbits	set	135
   389  0094                     _SSPSTAT	set	148
   390  0093                     _SSPADD	set	147
   391  0091                     _SSPCON2	set	145
   392  008F                     _OSCCONbits	set	143
   393  0088                     _TRISD	set	136
   394  0086                     _TRISB	set	134
   395  0463                     _SSPIE	set	1123
   396  043C                     _TRISC4	set	1084
   397  043B                     _TRISC3	set	1083
   398  0189                     _ANSELH	set	393
   399  0188                     _ANSEL	set	392
   400                           
   401                           	psect	cinit
   402  000F                     start_initialization:	
   403                           ; #config settings
   404                           
   405  000F                     __initialization:
   406  000F                     end_of_initialization:	
   407                           ;End of C runtime variable initialization code
   408                           
   409  000F                     __end_of__initialization:
   410  000F  0183               	clrf	3
   411  0010  120A  118A  2813   	ljmp	_main	;jump to C main() function
   412                           
   413                           	psect	cstackCOMMON
   414  0070                     __pcstackCOMMON:
   415  0070                     ?_setup:
   416  0070                     ?_I2C_Master_Start:	
   417                           ; 1 bytes @ 0x0
   418                           
   419  0070                     ?_I2C_Master_Stop:	
   420                           ; 1 bytes @ 0x0
   421                           
   422  0070                     ?_isr:	
   423                           ; 1 bytes @ 0x0
   424                           
   425  0070                     ??_isr:	
   426                           ; 1 bytes @ 0x0
   427                           
   428  0070                     ?_main:	
   429                           ; 1 bytes @ 0x0
   430                           
   431  0070                     ?_I2C_Master_Wait:	
   432                           ; 1 bytes @ 0x0
   433                           
   434                           
   435                           ; 1 bytes @ 0x0
   436  0070                     	ds	2
   437  0072                     ??_I2C_Master_Start:
   438  0072                     ?_I2C_Master_Write:	
   439                           ; 1 bytes @ 0x2
   440                           
   441  0072                     ??_I2C_Master_Stop:	
   442                           ; 1 bytes @ 0x2
   443                           
   444  0072                     ??_I2C_Master_Wait:	
   445                           ; 1 bytes @ 0x2
   446                           
   447  0072                     ?_I2C_Master_Read:	
   448                           ; 1 bytes @ 0x2
   449                           
   450  0072                     ?___lldiv:	
   451                           ; 2 bytes @ 0x2
   452                           
   453  0072                     I2C_Master_Write@d:	
   454                           ; 4 bytes @ 0x2
   455                           
   456  0072                     I2C_Master_Read@a:	
   457                           ; 2 bytes @ 0x2
   458                           
   459  0072                     ___lldiv@divisor:	
   460                           ; 2 bytes @ 0x2
   461                           
   462                           
   463                           ; 4 bytes @ 0x2
   464  0072                     	ds	2
   465  0074                     ??_I2C_Master_Write:
   466  0074                     ??_I2C_Master_Read:	
   467                           ; 1 bytes @ 0x4
   468                           
   469                           
   470                           ; 1 bytes @ 0x4
   471  0074                     	ds	2
   472  0076                     I2C_Master_Read@temp:
   473  0076                     ___lldiv@dividend:	
   474                           ; 2 bytes @ 0x6
   475                           
   476                           
   477                           ; 4 bytes @ 0x6
   478  0076                     	ds	4
   479  007A                     ??___lldiv:
   480                           
   481                           ; 1 bytes @ 0xA
   482  007A                     	ds	1
   483  007B                     ??_setup:
   484                           
   485                           	psect	cstackBANK0
   486  0020                     __pcstackBANK0:	
   487                           ; 1 bytes @ 0xB
   488                           
   489  0020                     ___lldiv@quotient:
   490                           
   491                           ; 4 bytes @ 0x0
   492  0020                     	ds	4
   493  0024                     ___lldiv@counter:
   494                           
   495                           ; 1 bytes @ 0x4
   496  0024                     	ds	1
   497  0025                     ?_I2C_Master_Init:
   498  0025                     I2C_Master_Init@c:	
   499                           ; 1 bytes @ 0x5
   500                           
   501                           
   502                           ; 4 bytes @ 0x5
   503  0025                     	ds	4
   504  0029                     ??_I2C_Master_Init:
   505                           
   506                           ; 1 bytes @ 0x9
   507  0029                     	ds	4
   508  002D                     ??_main:
   509                           
   510                           ; 1 bytes @ 0xD
   511  002D                     	ds	3
   512                           
   513                           	psect	maintext
   514  0013                     __pmaintext:	
   515 ;;
   516 ;;Main: autosize = 0, tempsize = 3, incstack = 0, save=0
   517 ;;
   518 ;; *************** function _main *****************
   519 ;; Defined at:
   520 ;;		line 49 in file "mainM.c"
   521 ;; Parameters:    Size  Location     Type
   522 ;;		None
   523 ;; Auto vars:     Size  Location     Type
   524 ;;		None
   525 ;; Return value:  Size  Location     Type
   526 ;;                  1    wreg      void 
   527 ;; Registers used:
   528 ;;		wreg, status,2, status,0, pclath, cstack
   529 ;; Tracked objects:
   530 ;;		On entry : B00/0
   531 ;;		On exit  : 0/0
   532 ;;		Unchanged: 0/0
   533 ;; Data sizes:     COMMON   BANK0   BANK1   BANK3   BANK2
   534 ;;      Params:         0       0       0       0       0
   535 ;;      Locals:         0       0       0       0       0
   536 ;;      Temps:          0       3       0       0       0
   537 ;;      Totals:         0       3       0       0       0
   538 ;;Total ram usage:        3 bytes
   539 ;; Hardware stack levels required when called:    4
   540 ;; This function calls:
   541 ;;		_I2C_Master_Read
   542 ;;		_I2C_Master_Start
   543 ;;		_I2C_Master_Stop
   544 ;;		_I2C_Master_Write
   545 ;;		_setup
   546 ;; This function is called by:
   547 ;;		Startup code after reset
   548 ;; This function uses a non-reentrant model
   549 ;;
   550                           
   551                           
   552                           ;psect for function _main
   553  0013                     _main:
   554  0013                     l1042:	
   555                           ;incstack = 0
   556                           ; Regs used in _main: [wreg+status,2+status,0+pclath+cstack]
   557                           
   558                           
   559                           ;mainM.c: 51:     setup();
   560  0013  120A  118A  213E  120A  118A  	fcall	_setup
   561  0018                     l44:	
   562                           ;mainM.c: 54:     while (1)
   563                           
   564                           
   565                           ;mainM.c: 55:     {;mainM.c: 57:         I2C_Master_Start();
   566  0018  120A  118A  21BE  120A  118A  	fcall	_I2C_Master_Start
   567                           
   568                           ;mainM.c: 58:         I2C_Master_Write(0x51);
   569  001D  3051               	movlw	81
   570  001E  00F2               	movwf	I2C_Master_Write@d
   571  001F  3000               	movlw	0
   572  0020  00F3               	movwf	I2C_Master_Write@d+1
   573  0021  120A  118A  21AB  120A  118A  	fcall	_I2C_Master_Write
   574                           
   575                           ;mainM.c: 59:         PORTB = I2C_Master_Read(0);
   576  0026  3000               	movlw	0
   577  0027  00F2               	movwf	I2C_Master_Read@a
   578  0028  00F3               	movwf	I2C_Master_Read@a+1
   579  0029  120A  118A  2170  120A  118A  	fcall	_I2C_Master_Read
   580  002E  0872               	movf	?_I2C_Master_Read,w
   581  002F  1283               	bcf	3,5	;RP0=0, select bank0
   582  0030  1303               	bcf	3,6	;RP1=0, select bank0
   583  0031  0086               	movwf	6	;volatile
   584                           
   585                           ;mainM.c: 60:         I2C_Master_Stop();
   586  0032  120A  118A  21B5  120A  118A  	fcall	_I2C_Master_Stop
   587  0037                     l1044:
   588                           
   589                           ;mainM.c: 61:         _delay((unsigned long)((200)*(4000000/4000.0)));
   590  0037  3002               	movlw	2
   591  0038  1283               	bcf	3,5	;RP0=0, select bank0
   592  0039  1303               	bcf	3,6	;RP1=0, select bank0
   593  003A  00AF               	movwf	??_main+2
   594  003B  3004               	movlw	4
   595  003C  00AE               	movwf	??_main+1
   596  003D  30B9               	movlw	185
   597  003E  00AD               	movwf	??_main
   598  003F                     u327:
   599  003F  0BAD               	decfsz	??_main,f
   600  0040  283F               	goto	u327
   601  0041  0BAE               	decfsz	??_main+1,f
   602  0042  283F               	goto	u327
   603  0043  0BAF               	decfsz	??_main+2,f
   604  0044  283F               	goto	u327
   605  0045  2846               	nop2
   606  0046                     l1046:
   607                           
   608                           ;mainM.c: 63:         I2C_Master_Start();
   609  0046  120A  118A  21BE  120A  118A  	fcall	_I2C_Master_Start
   610  004B                     l1048:
   611                           
   612                           ;mainM.c: 64:         I2C_Master_Write(0x80);
   613  004B  3080               	movlw	128
   614  004C  00F2               	movwf	I2C_Master_Write@d
   615  004D  3000               	movlw	0
   616  004E  00F3               	movwf	I2C_Master_Write@d+1
   617  004F  120A  118A  21AB  120A  118A  	fcall	_I2C_Master_Write
   618  0054                     l1050:
   619                           
   620                           ;mainM.c: 65:         I2C_Master_Write(0xF3);
   621  0054  30F3               	movlw	243
   622  0055  00F2               	movwf	I2C_Master_Write@d
   623  0056  3000               	movlw	0
   624  0057  00F3               	movwf	I2C_Master_Write@d+1
   625  0058  120A  118A  21AB  120A  118A  	fcall	_I2C_Master_Write
   626                           
   627                           ;mainM.c: 66:         _delay((unsigned long)((200)*(4000000/4000.0)));
   628  005D  3002               	movlw	2
   629  005E  1283               	bcf	3,5	;RP0=0, select bank0
   630  005F  1303               	bcf	3,6	;RP1=0, select bank0
   631  0060  00AF               	movwf	??_main+2
   632  0061  3004               	movlw	4
   633  0062  00AE               	movwf	??_main+1
   634  0063  30B9               	movlw	185
   635  0064  00AD               	movwf	??_main
   636  0065                     u337:
   637  0065  0BAD               	decfsz	??_main,f
   638  0066  2865               	goto	u337
   639  0067  0BAE               	decfsz	??_main+1,f
   640  0068  2865               	goto	u337
   641  0069  0BAF               	decfsz	??_main+2,f
   642  006A  2865               	goto	u337
   643  006B  286C               	nop2
   644  006C                     l1052:
   645                           
   646                           ;mainM.c: 68:         I2C_Master_Start();
   647  006C  120A  118A  21BE  120A  118A  	fcall	_I2C_Master_Start
   648  0071                     l1054:
   649                           
   650                           ;mainM.c: 69:         I2C_Master_Write(0x81);
   651  0071  3081               	movlw	129
   652  0072  00F2               	movwf	I2C_Master_Write@d
   653  0073  3000               	movlw	0
   654  0074  00F3               	movwf	I2C_Master_Write@d+1
   655  0075  120A  118A  21AB  120A  118A  	fcall	_I2C_Master_Write
   656  007A                     l1056:
   657                           
   658                           ;mainM.c: 70:         PORTD = I2C_Master_Read(0);
   659  007A  3000               	movlw	0
   660  007B  00F2               	movwf	I2C_Master_Read@a
   661  007C  00F3               	movwf	I2C_Master_Read@a+1
   662  007D  120A  118A  2170  120A  118A  	fcall	_I2C_Master_Read
   663  0082  0872               	movf	?_I2C_Master_Read,w
   664  0083  1283               	bcf	3,5	;RP0=0, select bank0
   665  0084  1303               	bcf	3,6	;RP1=0, select bank0
   666  0085  0088               	movwf	8	;volatile
   667  0086                     l1058:
   668                           
   669                           ;mainM.c: 71:         I2C_Master_Stop();
   670  0086  120A  118A  21B5  120A  118A  	fcall	_I2C_Master_Stop
   671                           
   672                           ;mainM.c: 72:         _delay((unsigned long)((200)*(4000000/4000.0)));
   673  008B  3002               	movlw	2
   674  008C  1283               	bcf	3,5	;RP0=0, select bank0
   675  008D  1303               	bcf	3,6	;RP1=0, select bank0
   676  008E  00AF               	movwf	??_main+2
   677  008F  3004               	movlw	4
   678  0090  00AE               	movwf	??_main+1
   679  0091  30B9               	movlw	185
   680  0092  00AD               	movwf	??_main
   681  0093                     u347:
   682  0093  0BAD               	decfsz	??_main,f
   683  0094  2893               	goto	u347
   684  0095  0BAE               	decfsz	??_main+1,f
   685  0096  2893               	goto	u347
   686  0097  0BAF               	decfsz	??_main+2,f
   687  0098  2893               	goto	u347
   688  0099  289A               	nop2
   689  009A  2818               	goto	l44
   690  009B  120A  118A  280C   	ljmp	start
   691  009E                     __end_of_main:
   692                           
   693                           	psect	text1
   694  013E                     __ptext1:	
   695 ;; *************** function _setup *****************
   696 ;; Defined at:
   697 ;;		line 78 in file "mainM.c"
   698 ;; Parameters:    Size  Location     Type
   699 ;;		None
   700 ;; Auto vars:     Size  Location     Type
   701 ;;		None
   702 ;; Return value:  Size  Location     Type
   703 ;;                  1    wreg      void 
   704 ;; Registers used:
   705 ;;		wreg, status,2, status,0, pclath, cstack
   706 ;; Tracked objects:
   707 ;;		On entry : 0/0
   708 ;;		On exit  : 0/0
   709 ;;		Unchanged: 0/0
   710 ;; Data sizes:     COMMON   BANK0   BANK1   BANK3   BANK2
   711 ;;      Params:         0       0       0       0       0
   712 ;;      Locals:         0       0       0       0       0
   713 ;;      Temps:          0       0       0       0       0
   714 ;;      Totals:         0       0       0       0       0
   715 ;;Total ram usage:        0 bytes
   716 ;; Hardware stack levels used:    1
   717 ;; Hardware stack levels required when called:    3
   718 ;; This function calls:
   719 ;;		_I2C_Master_Init
   720 ;; This function is called by:
   721 ;;		_main
   722 ;; This function uses a non-reentrant model
   723 ;;
   724                           
   725                           
   726                           ;psect for function _setup
   727  013E                     _setup:
   728  013E                     l1008:	
   729                           ;incstack = 0
   730                           ; Regs used in _setup: [wreg+status,2+status,0+pclath+cstack]
   731                           
   732                           
   733                           ;mainM.c: 80:     ANSEL = 0;
   734  013E  1683               	bsf	3,5	;RP0=1, select bank3
   735  013F  1703               	bsf	3,6	;RP1=1, select bank3
   736  0140  0188               	clrf	8	;volatile
   737                           
   738                           ;mainM.c: 81:     ANSELH = 0;
   739  0141  0189               	clrf	9	;volatile
   740                           
   741                           ;mainM.c: 84:     TRISB = 0;
   742  0142  1683               	bsf	3,5	;RP0=1, select bank1
   743  0143  1303               	bcf	3,6	;RP1=0, select bank1
   744  0144  0186               	clrf	6	;volatile
   745                           
   746                           ;mainM.c: 86:     TRISD = 0;
   747  0145  0188               	clrf	8	;volatile
   748                           
   749                           ;mainM.c: 89:     PORTA = 0;
   750  0146  1283               	bcf	3,5	;RP0=0, select bank0
   751  0147  1303               	bcf	3,6	;RP1=0, select bank0
   752  0148  0185               	clrf	5	;volatile
   753                           
   754                           ;mainM.c: 90:     PORTB = 0;
   755  0149  0186               	clrf	6	;volatile
   756                           
   757                           ;mainM.c: 91:     PORTC = 0;
   758  014A  0187               	clrf	7	;volatile
   759                           
   760                           ;mainM.c: 92:     PORTD = 0;
   761  014B  0188               	clrf	8	;volatile
   762                           
   763                           ;mainM.c: 93:     PORTE = 0;
   764  014C  0189               	clrf	9	;volatile
   765  014D                     l1010:
   766                           
   767                           ;mainM.c: 95:     I2C_Master_Init(100000);
   768  014D  3000               	movlw	0
   769  014E  00A8               	movwf	I2C_Master_Init@c+3
   770  014F  3001               	movlw	1
   771  0150  00A7               	movwf	I2C_Master_Init@c+2
   772  0151  3086               	movlw	134
   773  0152  00A6               	movwf	I2C_Master_Init@c+1
   774  0153  30A0               	movlw	160
   775  0154  00A5               	movwf	I2C_Master_Init@c
   776  0155  120A  118A  2106  120A  118A  	fcall	_I2C_Master_Init
   777  015A                     l1012:
   778                           
   779                           ;mainM.c: 98:     OSCCONbits.IRCF0 = 0;
   780  015A  1683               	bsf	3,5	;RP0=1, select bank1
   781  015B  1303               	bcf	3,6	;RP1=0, select bank1
   782  015C  120F               	bcf	15,4	;volatile
   783  015D                     l1014:
   784                           
   785                           ;mainM.c: 99:     OSCCONbits.IRCF1 = 1;
   786  015D  168F               	bsf	15,5	;volatile
   787  015E                     l1016:
   788                           
   789                           ;mainM.c: 100:     OSCCONbits.IRCF2 = 1;
   790  015E  170F               	bsf	15,6	;volatile
   791  015F                     l1018:
   792                           
   793                           ;mainM.c: 101:     OSCCONbits.SCS = 1;
   794  015F  140F               	bsf	15,0	;volatile
   795  0160                     l1020:
   796                           
   797                           ;mainM.c: 103:     I2C_Master_Init(100000);
   798  0160  3000               	movlw	0
   799  0161  1283               	bcf	3,5	;RP0=0, select bank0
   800  0162  1303               	bcf	3,6	;RP1=0, select bank0
   801  0163  00A8               	movwf	I2C_Master_Init@c+3
   802  0164  3001               	movlw	1
   803  0165  00A7               	movwf	I2C_Master_Init@c+2
   804  0166  3086               	movlw	134
   805  0167  00A6               	movwf	I2C_Master_Init@c+1
   806  0168  30A0               	movlw	160
   807  0169  00A5               	movwf	I2C_Master_Init@c
   808  016A  120A  118A  2106  120A  118A  	fcall	_I2C_Master_Init
   809  016F                     l50:
   810  016F  0008               	return
   811  0170                     __end_of_setup:
   812                           
   813                           	psect	text2
   814  0106                     __ptext2:	
   815 ;; *************** function _I2C_Master_Init *****************
   816 ;; Defined at:
   817 ;;		line 16 in file "I2C.c"
   818 ;; Parameters:    Size  Location     Type
   819 ;;  c               4    5[BANK0 ] const unsigned long 
   820 ;; Auto vars:     Size  Location     Type
   821 ;;		None
   822 ;; Return value:  Size  Location     Type
   823 ;;                  1    wreg      void 
   824 ;; Registers used:
   825 ;;		wreg, status,2, status,0, pclath, cstack
   826 ;; Tracked objects:
   827 ;;		On entry : 0/0
   828 ;;		On exit  : 0/0
   829 ;;		Unchanged: 0/0
   830 ;; Data sizes:     COMMON   BANK0   BANK1   BANK3   BANK2
   831 ;;      Params:         0       4       0       0       0
   832 ;;      Locals:         0       0       0       0       0
   833 ;;      Temps:          0       4       0       0       0
   834 ;;      Totals:         0       8       0       0       0
   835 ;;Total ram usage:        8 bytes
   836 ;; Hardware stack levels used:    1
   837 ;; Hardware stack levels required when called:    2
   838 ;; This function calls:
   839 ;;		___lldiv
   840 ;; This function is called by:
   841 ;;		_setup
   842 ;; This function uses a non-reentrant model
   843 ;;
   844                           
   845                           
   846                           ;psect for function _I2C_Master_Init
   847  0106                     _I2C_Master_Init:
   848  0106                     l996:	
   849                           ;incstack = 0
   850                           ; Regs used in _I2C_Master_Init: [wreg+status,2+status,0+pclath+cstack]
   851                           
   852                           
   853                           ;I2C.c: 16: void I2C_Master_Init(const unsigned long c);I2C.c: 17: {;I2C.c: 18:     SSPC
      +                          ON = 0b00101000;
   854  0106  3028               	movlw	40
   855  0107  1283               	bcf	3,5	;RP0=0, select bank0
   856  0108  1303               	bcf	3,6	;RP1=0, select bank0
   857  0109  0094               	movwf	20	;volatile
   858  010A                     l998:
   859                           
   860                           ;I2C.c: 19:     SSPCON2 = 0;
   861  010A  1683               	bsf	3,5	;RP0=1, select bank1
   862  010B  1303               	bcf	3,6	;RP1=0, select bank1
   863  010C  0191               	clrf	17	;volatile
   864  010D                     l1000:
   865                           
   866                           ;I2C.c: 20:     SSPADD = (8000000/(4*c))-1;
   867  010D  1283               	bcf	3,5	;RP0=0, select bank0
   868  010E  1303               	bcf	3,6	;RP1=0, select bank0
   869  010F  0825               	movf	I2C_Master_Init@c,w
   870  0110  00A9               	movwf	??_I2C_Master_Init
   871  0111  0826               	movf	I2C_Master_Init@c+1,w
   872  0112  00AA               	movwf	??_I2C_Master_Init+1
   873  0113  0827               	movf	I2C_Master_Init@c+2,w
   874  0114  00AB               	movwf	??_I2C_Master_Init+2
   875  0115  0828               	movf	I2C_Master_Init@c+3,w
   876  0116  00AC               	movwf	??_I2C_Master_Init+3
   877  0117  3002               	movlw	2
   878  0118                     u305:
   879  0118  1003               	clrc
   880  0119  0DA9               	rlf	??_I2C_Master_Init,f
   881  011A  0DAA               	rlf	??_I2C_Master_Init+1,f
   882  011B  0DAB               	rlf	??_I2C_Master_Init+2,f
   883  011C  0DAC               	rlf	??_I2C_Master_Init+3,f
   884  011D                     u300:
   885  011D  3EFF               	addlw	-1
   886  011E  1D03               	skipz
   887  011F  2918               	goto	u305
   888  0120  082C               	movf	??_I2C_Master_Init+3,w
   889  0121  00F5               	movwf	___lldiv@divisor+3
   890  0122  082B               	movf	??_I2C_Master_Init+2,w
   891  0123  00F4               	movwf	___lldiv@divisor+2
   892  0124  082A               	movf	??_I2C_Master_Init+1,w
   893  0125  00F3               	movwf	___lldiv@divisor+1
   894  0126  0829               	movf	??_I2C_Master_Init,w
   895  0127  00F2               	movwf	___lldiv@divisor
   896  0128  3000               	movlw	0
   897  0129  00F9               	movwf	___lldiv@dividend+3
   898  012A  307A               	movlw	122
   899  012B  00F8               	movwf	___lldiv@dividend+2
   900  012C  3012               	movlw	18
   901  012D  00F7               	movwf	___lldiv@dividend+1
   902  012E  3000               	movlw	0
   903  012F  00F6               	movwf	___lldiv@dividend
   904  0130  120A  118A  209E  120A  118A  	fcall	___lldiv
   905  0135  0872               	movf	?___lldiv,w
   906  0136  3EFF               	addlw	255
   907  0137  1683               	bsf	3,5	;RP0=1, select bank1
   908  0138  1303               	bcf	3,6	;RP1=0, select bank1
   909  0139  0093               	movwf	19	;volatile
   910  013A                     l1002:
   911                           
   912                           ;I2C.c: 21:     SSPSTAT = 0;
   913  013A  0194               	clrf	20	;volatile
   914  013B                     l1004:
   915                           
   916                           ;I2C.c: 22:     TRISCbits.TRISC3 = 1;
   917  013B  1587               	bsf	7,3	;volatile
   918  013C                     l1006:
   919                           
   920                           ;I2C.c: 23:     TRISCbits.TRISC4 = 1;
   921  013C  1607               	bsf	7,4	;volatile
   922  013D                     l79:
   923  013D  0008               	return
   924  013E                     __end_of_I2C_Master_Init:
   925                           
   926                           	psect	text3
   927  009E                     __ptext3:	
   928 ;; *************** function ___lldiv *****************
   929 ;; Defined at:
   930 ;;		line 5 in file "C:\Program Files\Microchip\xc8\v2.31\pic\sources\c90\common\__lldiv.c"
   931 ;; Parameters:    Size  Location     Type
   932 ;;  divisor         4    2[COMMON] unsigned long 
   933 ;;  dividend        4    6[COMMON] unsigned long 
   934 ;; Auto vars:     Size  Location     Type
   935 ;;  quotient        4    0[BANK0 ] unsigned long 
   936 ;;  counter         1    4[BANK0 ] unsigned char 
   937 ;; Return value:  Size  Location     Type
   938 ;;                  4    2[COMMON] unsigned long 
   939 ;; Registers used:
   940 ;;		wreg, status,2, status,0
   941 ;; Tracked objects:
   942 ;;		On entry : 0/0
   943 ;;		On exit  : 0/0
   944 ;;		Unchanged: 0/0
   945 ;; Data sizes:     COMMON   BANK0   BANK1   BANK3   BANK2
   946 ;;      Params:         8       0       0       0       0
   947 ;;      Locals:         0       5       0       0       0
   948 ;;      Temps:          1       0       0       0       0
   949 ;;      Totals:         9       5       0       0       0
   950 ;;Total ram usage:       14 bytes
   951 ;; Hardware stack levels used:    1
   952 ;; Hardware stack levels required when called:    1
   953 ;; This function calls:
   954 ;;		Nothing
   955 ;; This function is called by:
   956 ;;		_I2C_Master_Init
   957 ;; This function uses a non-reentrant model
   958 ;;
   959                           
   960                           
   961                           ;psect for function ___lldiv
   962  009E                     ___lldiv:
   963  009E                     l972:	
   964                           ;incstack = 0
   965                           ; Regs used in ___lldiv: [wreg+status,2+status,0]
   966                           
   967  009E  3000               	movlw	0
   968  009F  1283               	bcf	3,5	;RP0=0, select bank0
   969  00A0  1303               	bcf	3,6	;RP1=0, select bank0
   970  00A1  00A3               	movwf	___lldiv@quotient+3
   971  00A2  3000               	movlw	0
   972  00A3  00A2               	movwf	___lldiv@quotient+2
   973  00A4  3000               	movlw	0
   974  00A5  00A1               	movwf	___lldiv@quotient+1
   975  00A6  3000               	movlw	0
   976  00A7  00A0               	movwf	___lldiv@quotient
   977  00A8  0875               	movf	___lldiv@divisor+3,w
   978  00A9  0474               	iorwf	___lldiv@divisor+2,w
   979  00AA  0473               	iorwf	___lldiv@divisor+1,w
   980  00AB  0472               	iorwf	___lldiv@divisor,w
   981  00AC  1903               	skipnz
   982  00AD  28AF               	goto	u231
   983  00AE  28B0               	goto	u230
   984  00AF                     u231:
   985  00AF  28FD               	goto	l992
   986  00B0                     u230:
   987  00B0                     l974:
   988  00B0  01A4               	clrf	___lldiv@counter
   989  00B1  0AA4               	incf	___lldiv@counter,f
   990  00B2  28C0               	goto	l978
   991  00B3                     l976:
   992  00B3  3001               	movlw	1
   993  00B4  00FA               	movwf	??___lldiv
   994  00B5                     u245:
   995  00B5  1003               	clrc
   996  00B6  0DF2               	rlf	___lldiv@divisor,f
   997  00B7  0DF3               	rlf	___lldiv@divisor+1,f
   998  00B8  0DF4               	rlf	___lldiv@divisor+2,f
   999  00B9  0DF5               	rlf	___lldiv@divisor+3,f
  1000  00BA  0BFA               	decfsz	??___lldiv,f
  1001  00BB  28B5               	goto	u245
  1002  00BC  3001               	movlw	1
  1003  00BD  00FA               	movwf	??___lldiv
  1004  00BE  087A               	movf	??___lldiv,w
  1005  00BF  07A4               	addwf	___lldiv@counter,f
  1006  00C0                     l978:
  1007  00C0  1FF5               	btfss	___lldiv@divisor+3,7
  1008  00C1  28C3               	goto	u251
  1009  00C2  28C4               	goto	u250
  1010  00C3                     u251:
  1011  00C3  28B3               	goto	l976
  1012  00C4                     u250:
  1013  00C4                     l980:
  1014  00C4  3001               	movlw	1
  1015  00C5  00FA               	movwf	??___lldiv
  1016  00C6                     u265:
  1017  00C6  1003               	clrc
  1018  00C7  0DA0               	rlf	___lldiv@quotient,f
  1019  00C8  0DA1               	rlf	___lldiv@quotient+1,f
  1020  00C9  0DA2               	rlf	___lldiv@quotient+2,f
  1021  00CA  0DA3               	rlf	___lldiv@quotient+3,f
  1022  00CB  0BFA               	decfsz	??___lldiv,f
  1023  00CC  28C6               	goto	u265
  1024  00CD                     l982:
  1025  00CD  0875               	movf	___lldiv@divisor+3,w
  1026  00CE  0279               	subwf	___lldiv@dividend+3,w
  1027  00CF  1D03               	skipz
  1028  00D0  28DB               	goto	u275
  1029  00D1  0874               	movf	___lldiv@divisor+2,w
  1030  00D2  0278               	subwf	___lldiv@dividend+2,w
  1031  00D3  1D03               	skipz
  1032  00D4  28DB               	goto	u275
  1033  00D5  0873               	movf	___lldiv@divisor+1,w
  1034  00D6  0277               	subwf	___lldiv@dividend+1,w
  1035  00D7  1D03               	skipz
  1036  00D8  28DB               	goto	u275
  1037  00D9  0872               	movf	___lldiv@divisor,w
  1038  00DA  0276               	subwf	___lldiv@dividend,w
  1039  00DB                     u275:
  1040  00DB  1C03               	skipc
  1041  00DC  28DE               	goto	u271
  1042  00DD  28DF               	goto	u270
  1043  00DE                     u271:
  1044  00DE  28EE               	goto	l988
  1045  00DF                     u270:
  1046  00DF                     l984:
  1047  00DF  0872               	movf	___lldiv@divisor,w
  1048  00E0  02F6               	subwf	___lldiv@dividend,f
  1049  00E1  0873               	movf	___lldiv@divisor+1,w
  1050  00E2  1C03               	skipc
  1051  00E3  0F73               	incfsz	___lldiv@divisor+1,w
  1052  00E4  02F7               	subwf	___lldiv@dividend+1,f
  1053  00E5  0874               	movf	___lldiv@divisor+2,w
  1054  00E6  1C03               	skipc
  1055  00E7  0F74               	incfsz	___lldiv@divisor+2,w
  1056  00E8  02F8               	subwf	___lldiv@dividend+2,f
  1057  00E9  0875               	movf	___lldiv@divisor+3,w
  1058  00EA  1C03               	skipc
  1059  00EB  0F75               	incfsz	___lldiv@divisor+3,w
  1060  00EC  02F9               	subwf	___lldiv@dividend+3,f
  1061  00ED                     l986:
  1062  00ED  1420               	bsf	___lldiv@quotient,0
  1063  00EE                     l988:
  1064  00EE  3001               	movlw	1
  1065  00EF                     u285:
  1066  00EF  1003               	clrc
  1067  00F0  0CF5               	rrf	___lldiv@divisor+3,f
  1068  00F1  0CF4               	rrf	___lldiv@divisor+2,f
  1069  00F2  0CF3               	rrf	___lldiv@divisor+1,f
  1070  00F3  0CF2               	rrf	___lldiv@divisor,f
  1071  00F4  3EFF               	addlw	-1
  1072  00F5  1D03               	skipz
  1073  00F6  28EF               	goto	u285
  1074  00F7                     l990:
  1075  00F7  3001               	movlw	1
  1076  00F8  02A4               	subwf	___lldiv@counter,f
  1077  00F9  1D03               	btfss	3,2
  1078  00FA  28FC               	goto	u291
  1079  00FB  28FD               	goto	u290
  1080  00FC                     u291:
  1081  00FC  28C4               	goto	l980
  1082  00FD                     u290:
  1083  00FD                     l992:
  1084  00FD  0823               	movf	___lldiv@quotient+3,w
  1085  00FE  00F5               	movwf	?___lldiv+3
  1086  00FF  0822               	movf	___lldiv@quotient+2,w
  1087  0100  00F4               	movwf	?___lldiv+2
  1088  0101  0821               	movf	___lldiv@quotient+1,w
  1089  0102  00F3               	movwf	?___lldiv+1
  1090  0103  0820               	movf	___lldiv@quotient,w
  1091  0104  00F2               	movwf	?___lldiv
  1092  0105                     l292:
  1093  0105  0008               	return
  1094  0106                     __end_of___lldiv:
  1095                           
  1096                           	psect	text4
  1097  01AB                     __ptext4:	
  1098 ;; *************** function _I2C_Master_Write *****************
  1099 ;; Defined at:
  1100 ;;		line 65 in file "I2C.c"
  1101 ;; Parameters:    Size  Location     Type
  1102 ;;  d               2    2[COMMON] unsigned int 
  1103 ;; Auto vars:     Size  Location     Type
  1104 ;;		None
  1105 ;; Return value:  Size  Location     Type
  1106 ;;                  1    wreg      void 
  1107 ;; Registers used:
  1108 ;;		wreg, status,2, status,0, pclath, cstack
  1109 ;; Tracked objects:
  1110 ;;		On entry : 0/0
  1111 ;;		On exit  : 0/0
  1112 ;;		Unchanged: 0/0
  1113 ;; Data sizes:     COMMON   BANK0   BANK1   BANK3   BANK2
  1114 ;;      Params:         2       0       0       0       0
  1115 ;;      Locals:         0       0       0       0       0
  1116 ;;      Temps:          0       0       0       0       0
  1117 ;;      Totals:         2       0       0       0       0
  1118 ;;Total ram usage:        2 bytes
  1119 ;; Hardware stack levels used:    1
  1120 ;; Hardware stack levels required when called:    2
  1121 ;; This function calls:
  1122 ;;		_I2C_Master_Wait
  1123 ;; This function is called by:
  1124 ;;		_main
  1125 ;; This function uses a non-reentrant model
  1126 ;;
  1127                           
  1128                           
  1129                           ;psect for function _I2C_Master_Write
  1130  01AB                     _I2C_Master_Write:
  1131  01AB                     l1022:	
  1132                           ;incstack = 0
  1133                           ; Regs used in _I2C_Master_Write: [wreg+status,2+status,0+pclath+cstack]
  1134                           
  1135                           
  1136                           ;I2C.c: 65: void I2C_Master_Write(unsigned d);I2C.c: 66: {;I2C.c: 67:     I2C_Master_Wai
      +                          t();
  1137  01AB  120A  118A  219E  120A  118A  	fcall	_I2C_Master_Wait
  1138  01B0                     l1024:
  1139                           
  1140                           ;I2C.c: 68:     SSPBUF = d;
  1141  01B0  0872               	movf	I2C_Master_Write@d,w
  1142  01B1  1283               	bcf	3,5	;RP0=0, select bank0
  1143  01B2  1303               	bcf	3,6	;RP1=0, select bank0
  1144  01B3  0093               	movwf	19	;volatile
  1145  01B4                     l97:
  1146  01B4  0008               	return
  1147  01B5                     __end_of_I2C_Master_Write:
  1148                           
  1149                           	psect	text5
  1150  01B5                     __ptext5:	
  1151 ;; *************** function _I2C_Master_Stop *****************
  1152 ;; Defined at:
  1153 ;;		line 55 in file "I2C.c"
  1154 ;; Parameters:    Size  Location     Type
  1155 ;;		None
  1156 ;; Auto vars:     Size  Location     Type
  1157 ;;		None
  1158 ;; Return value:  Size  Location     Type
  1159 ;;                  1    wreg      void 
  1160 ;; Registers used:
  1161 ;;		wreg, status,2, status,0, pclath, cstack
  1162 ;; Tracked objects:
  1163 ;;		On entry : 0/0
  1164 ;;		On exit  : 0/0
  1165 ;;		Unchanged: 0/0
  1166 ;; Data sizes:     COMMON   BANK0   BANK1   BANK3   BANK2
  1167 ;;      Params:         0       0       0       0       0
  1168 ;;      Locals:         0       0       0       0       0
  1169 ;;      Temps:          0       0       0       0       0
  1170 ;;      Totals:         0       0       0       0       0
  1171 ;;Total ram usage:        0 bytes
  1172 ;; Hardware stack levels used:    1
  1173 ;; Hardware stack levels required when called:    2
  1174 ;; This function calls:
  1175 ;;		_I2C_Master_Wait
  1176 ;; This function is called by:
  1177 ;;		_main
  1178 ;; This function uses a non-reentrant model
  1179 ;;
  1180                           
  1181                           
  1182                           ;psect for function _I2C_Master_Stop
  1183  01B5                     _I2C_Master_Stop:
  1184  01B5                     l858:	
  1185                           ;incstack = 0
  1186                           ; Regs used in _I2C_Master_Stop: [wreg+status,2+status,0+pclath+cstack]
  1187                           
  1188                           
  1189                           ;I2C.c: 57:     I2C_Master_Wait();
  1190  01B5  120A  118A  219E  120A  118A  	fcall	_I2C_Master_Wait
  1191  01BA                     l860:
  1192                           
  1193                           ;I2C.c: 58:     SSPCON2bits.PEN = 1;
  1194  01BA  1683               	bsf	3,5	;RP0=1, select bank1
  1195  01BB  1303               	bcf	3,6	;RP1=0, select bank1
  1196  01BC  1511               	bsf	17,2	;volatile
  1197  01BD                     l94:
  1198  01BD  0008               	return
  1199  01BE                     __end_of_I2C_Master_Stop:
  1200                           
  1201                           	psect	text6
  1202  01BE                     __ptext6:	
  1203 ;; *************** function _I2C_Master_Start *****************
  1204 ;; Defined at:
  1205 ;;		line 39 in file "I2C.c"
  1206 ;; Parameters:    Size  Location     Type
  1207 ;;		None
  1208 ;; Auto vars:     Size  Location     Type
  1209 ;;		None
  1210 ;; Return value:  Size  Location     Type
  1211 ;;                  1    wreg      void 
  1212 ;; Registers used:
  1213 ;;		wreg, status,2, status,0, pclath, cstack
  1214 ;; Tracked objects:
  1215 ;;		On entry : 0/0
  1216 ;;		On exit  : 0/0
  1217 ;;		Unchanged: 0/0
  1218 ;; Data sizes:     COMMON   BANK0   BANK1   BANK3   BANK2
  1219 ;;      Params:         0       0       0       0       0
  1220 ;;      Locals:         0       0       0       0       0
  1221 ;;      Temps:          0       0       0       0       0
  1222 ;;      Totals:         0       0       0       0       0
  1223 ;;Total ram usage:        0 bytes
  1224 ;; Hardware stack levels used:    1
  1225 ;; Hardware stack levels required when called:    2
  1226 ;; This function calls:
  1227 ;;		_I2C_Master_Wait
  1228 ;; This function is called by:
  1229 ;;		_main
  1230 ;; This function uses a non-reentrant model
  1231 ;;
  1232                           
  1233                           
  1234                           ;psect for function _I2C_Master_Start
  1235  01BE                     _I2C_Master_Start:
  1236  01BE                     l834:	
  1237                           ;incstack = 0
  1238                           ; Regs used in _I2C_Master_Start: [wreg+status,2+status,0+pclath+cstack]
  1239                           
  1240                           
  1241                           ;I2C.c: 41:     I2C_Master_Wait();
  1242  01BE  120A  118A  219E  120A  118A  	fcall	_I2C_Master_Wait
  1243  01C3                     l836:
  1244                           
  1245                           ;I2C.c: 42:     SSPCON2bits.SEN = 1;
  1246  01C3  1683               	bsf	3,5	;RP0=1, select bank1
  1247  01C4  1303               	bcf	3,6	;RP1=0, select bank1
  1248  01C5  1411               	bsf	17,0	;volatile
  1249  01C6                     l88:
  1250  01C6  0008               	return
  1251  01C7                     __end_of_I2C_Master_Start:
  1252                           
  1253                           	psect	text7
  1254  0170                     __ptext7:	
  1255 ;; *************** function _I2C_Master_Read *****************
  1256 ;; Defined at:
  1257 ;;		line 74 in file "I2C.c"
  1258 ;; Parameters:    Size  Location     Type
  1259 ;;  a               2    2[COMMON] unsigned short 
  1260 ;; Auto vars:     Size  Location     Type
  1261 ;;  temp            2    6[COMMON] unsigned short 
  1262 ;; Return value:  Size  Location     Type
  1263 ;;                  2    2[COMMON] unsigned short 
  1264 ;; Registers used:
  1265 ;;		wreg, status,2, status,0, pclath, cstack
  1266 ;; Tracked objects:
  1267 ;;		On entry : 0/0
  1268 ;;		On exit  : 0/0
  1269 ;;		Unchanged: 0/0
  1270 ;; Data sizes:     COMMON   BANK0   BANK1   BANK3   BANK2
  1271 ;;      Params:         2       0       0       0       0
  1272 ;;      Locals:         2       0       0       0       0
  1273 ;;      Temps:          2       0       0       0       0
  1274 ;;      Totals:         6       0       0       0       0
  1275 ;;Total ram usage:        6 bytes
  1276 ;; Hardware stack levels used:    1
  1277 ;; Hardware stack levels required when called:    2
  1278 ;; This function calls:
  1279 ;;		_I2C_Master_Wait
  1280 ;; This function is called by:
  1281 ;;		_main
  1282 ;; This function uses a non-reentrant model
  1283 ;;
  1284                           
  1285                           
  1286                           ;psect for function _I2C_Master_Read
  1287  0170                     _I2C_Master_Read:
  1288  0170                     l1026:	
  1289                           ;incstack = 0
  1290                           ; Regs used in _I2C_Master_Read: [wreg+status,2+status,0+pclath+cstack]
  1291                           
  1292                           
  1293                           ;I2C.c: 74: unsigned short I2C_Master_Read(unsigned short a);I2C.c: 75: {;I2C.c: 76:    
      +                           unsigned short temp;;I2C.c: 77:     I2C_Master_Wait();
  1294  0170  120A  118A  219E  120A  118A  	fcall	_I2C_Master_Wait
  1295  0175                     l1028:
  1296                           
  1297                           ;I2C.c: 78:     SSPCON2bits.RCEN = 1;
  1298  0175  1683               	bsf	3,5	;RP0=1, select bank1
  1299  0176  1303               	bcf	3,6	;RP1=0, select bank1
  1300  0177  1591               	bsf	17,3	;volatile
  1301                           
  1302                           ;I2C.c: 79:     I2C_Master_Wait();
  1303  0178  120A  118A  219E  120A  118A  	fcall	_I2C_Master_Wait
  1304  017D                     l1030:
  1305                           
  1306                           ;I2C.c: 80:     temp = SSPBUF;
  1307  017D  1283               	bcf	3,5	;RP0=0, select bank0
  1308  017E  1303               	bcf	3,6	;RP1=0, select bank0
  1309  017F  0813               	movf	19,w	;volatile
  1310  0180  00F4               	movwf	??_I2C_Master_Read
  1311  0181  01F5               	clrf	??_I2C_Master_Read+1
  1312  0182  0874               	movf	??_I2C_Master_Read,w
  1313  0183  00F6               	movwf	I2C_Master_Read@temp
  1314  0184  0875               	movf	??_I2C_Master_Read+1,w
  1315  0185  00F7               	movwf	I2C_Master_Read@temp+1
  1316  0186                     l1032:
  1317                           
  1318                           ;I2C.c: 81:     I2C_Master_Wait();
  1319  0186  120A  118A  219E  120A  118A  	fcall	_I2C_Master_Wait
  1320  018B                     l1034:
  1321                           
  1322                           ;I2C.c: 82:     if(a == 1){
  1323  018B  0372               	decf	I2C_Master_Read@a,w
  1324  018C  0473               	iorwf	I2C_Master_Read@a+1,w
  1325  018D  1D03               	btfss	3,2
  1326  018E  2990               	goto	u311
  1327  018F  2991               	goto	u310
  1328  0190                     u311:
  1329  0190  2995               	goto	l100
  1330  0191                     u310:
  1331  0191                     l1036:
  1332                           
  1333                           ;I2C.c: 83:         SSPCON2bits.ACKDT = 0;
  1334  0191  1683               	bsf	3,5	;RP0=1, select bank1
  1335  0192  1303               	bcf	3,6	;RP1=0, select bank1
  1336  0193  1291               	bcf	17,5	;volatile
  1337                           
  1338                           ;I2C.c: 84:     }else{
  1339  0194  2998               	goto	l101
  1340  0195                     l100:
  1341                           
  1342                           ;I2C.c: 85:         SSPCON2bits.ACKDT = 1;
  1343  0195  1683               	bsf	3,5	;RP0=1, select bank1
  1344  0196  1303               	bcf	3,6	;RP1=0, select bank1
  1345  0197  1691               	bsf	17,5	;volatile
  1346  0198                     l101:	
  1347                           ;I2C.c: 86:     }
  1348                           
  1349                           
  1350                           ;I2C.c: 87:     SSPCON2bits.ACKEN = 1;
  1351  0198  1611               	bsf	17,4	;volatile
  1352  0199                     l1038:
  1353                           
  1354                           ;I2C.c: 88:     return temp;
  1355  0199  0877               	movf	I2C_Master_Read@temp+1,w
  1356  019A  00F3               	movwf	?_I2C_Master_Read+1
  1357  019B  0876               	movf	I2C_Master_Read@temp,w
  1358  019C  00F2               	movwf	?_I2C_Master_Read
  1359  019D                     l102:
  1360  019D  0008               	return
  1361  019E                     __end_of_I2C_Master_Read:
  1362                           
  1363                           	psect	text8
  1364  019E                     __ptext8:	
  1365 ;; *************** function _I2C_Master_Wait *****************
  1366 ;; Defined at:
  1367 ;;		line 32 in file "I2C.c"
  1368 ;; Parameters:    Size  Location     Type
  1369 ;;		None
  1370 ;; Auto vars:     Size  Location     Type
  1371 ;;		None
  1372 ;; Return value:  Size  Location     Type
  1373 ;;                  1    wreg      void 
  1374 ;; Registers used:
  1375 ;;		wreg, status,2
  1376 ;; Tracked objects:
  1377 ;;		On entry : 0/0
  1378 ;;		On exit  : 0/0
  1379 ;;		Unchanged: 0/0
  1380 ;; Data sizes:     COMMON   BANK0   BANK1   BANK3   BANK2
  1381 ;;      Params:         0       0       0       0       0
  1382 ;;      Locals:         0       0       0       0       0
  1383 ;;      Temps:          0       0       0       0       0
  1384 ;;      Totals:         0       0       0       0       0
  1385 ;;Total ram usage:        0 bytes
  1386 ;; Hardware stack levels used:    1
  1387 ;; Hardware stack levels required when called:    1
  1388 ;; This function calls:
  1389 ;;		Nothing
  1390 ;; This function is called by:
  1391 ;;		_I2C_Master_Start
  1392 ;;		_I2C_Master_Stop
  1393 ;;		_I2C_Master_Write
  1394 ;;		_I2C_Master_Read
  1395 ;;		_I2C_Master_RepeatedStart
  1396 ;; This function uses a non-reentrant model
  1397 ;;
  1398                           
  1399                           
  1400                           ;psect for function _I2C_Master_Wait
  1401  019E                     _I2C_Master_Wait:
  1402  019E                     l798:	
  1403                           ;incstack = 0
  1404                           ; Regs used in _I2C_Master_Wait: [wreg+status,2]
  1405                           
  1406  019E                     l82:	
  1407                           ;I2C.c: 34:     while ((SSPSTAT & 0x04) || (SSPCON2 & 0x1F));
  1408                           
  1409  019E  1683               	bsf	3,5	;RP0=1, select bank1
  1410  019F  1303               	bcf	3,6	;RP1=0, select bank1
  1411  01A0  1914               	btfsc	20,2	;volatile
  1412  01A1  29A3               	goto	u91
  1413  01A2  29A4               	goto	u90
  1414  01A3                     u91:
  1415  01A3  299E               	goto	l82
  1416  01A4                     u90:
  1417  01A4                     l800:
  1418  01A4  0811               	movf	17,w	;volatile
  1419  01A5  391F               	andlw	31
  1420  01A6  1D03               	btfss	3,2
  1421  01A7  29A9               	goto	u101
  1422  01A8  29AA               	goto	u100
  1423  01A9                     u101:
  1424  01A9  299E               	goto	l82
  1425  01AA                     u100:
  1426  01AA                     l85:
  1427  01AA  0008               	return
  1428  01AB                     __end_of_I2C_Master_Wait:
  1429                           
  1430                           	psect	text9
  1431  01C7                     __ptext9:	
  1432 ;; *************** function _isr *****************
  1433 ;; Defined at:
  1434 ;;		line 44 in file "mainM.c"
  1435 ;; Parameters:    Size  Location     Type
  1436 ;;		None
  1437 ;; Auto vars:     Size  Location     Type
  1438 ;;		None
  1439 ;; Return value:  Size  Location     Type
  1440 ;;                  1    wreg      void 
  1441 ;; Registers used:
  1442 ;;		None
  1443 ;; Tracked objects:
  1444 ;;		On entry : 0/0
  1445 ;;		On exit  : 0/0
  1446 ;;		Unchanged: 0/0
  1447 ;; Data sizes:     COMMON   BANK0   BANK1   BANK3   BANK2
  1448 ;;      Params:         0       0       0       0       0
  1449 ;;      Locals:         0       0       0       0       0
  1450 ;;      Temps:          2       0       0       0       0
  1451 ;;      Totals:         2       0       0       0       0
  1452 ;;Total ram usage:        2 bytes
  1453 ;; Hardware stack levels used:    1
  1454 ;; This function calls:
  1455 ;;		Nothing
  1456 ;; This function is called by:
  1457 ;;		Interrupt level 1
  1458 ;; This function uses a non-reentrant model
  1459 ;;
  1460                           
  1461                           
  1462                           ;psect for function _isr
  1463  01C7                     _isr:
  1464  01C7                     i1l39:
  1465  01C7  0871               	movf	??_isr+1,w
  1466  01C8  008A               	movwf	10
  1467  01C9  0E70               	swapf	??_isr,w
  1468  01CA  0083               	movwf	3
  1469  01CB  0EFE               	swapf	btemp,f
  1470  01CC  0E7E               	swapf	btemp,w
  1471  01CD  0009               	retfie
  1472  01CE                     __end_of_isr:
  1473  007E                     btemp	set	126	;btemp
  1474  007E                     wtemp0	set	126
  1475                           
  1476                           	psect	intentry
  1477  0004                     __pintentry:	
  1478                           ;incstack = 0
  1479                           ; Regs used in _isr: []
  1480                           
  1481  0004                     interrupt_function:
  1482  007E                     saved_w	set	btemp
  1483  0004  00FE               	movwf	btemp
  1484  0005  0E03               	swapf	3,w
  1485  0006  00F0               	movwf	??_isr
  1486  0007  080A               	movf	10,w
  1487  0008  00F1               	movwf	??_isr+1
  1488  0009  120A  118A  29C7   	ljmp	_isr
  1489                           
  1490                           	psect	config
  1491                           
  1492                           ;Config register CONFIG1 @ 0x2007
  1493                           ;	Oscillator Selection bits
  1494                           ;	FOSC = INTRC_NOCLKOUT, INTOSCIO oscillator: I/O function on RA6/OSC2/CLKOUT pin, I/O f
      +                          unction on RA7/OSC1/CLKIN
  1495                           ;	Watchdog Timer Enable bit
  1496                           ;	WDTE = OFF, WDT disabled and can be enabled by SWDTEN bit of the WDTCON register
  1497                           ;	Power-up Timer Enable bit
  1498                           ;	PWRTE = OFF, PWRT disabled
  1499                           ;	RE3/MCLR pin function select bit
  1500                           ;	MCLRE = OFF, RE3/MCLR pin function is digital input, MCLR internally tied to VDD
  1501                           ;	Code Protection bit
  1502                           ;	CP = OFF, Program memory code protection is disabled
  1503                           ;	Data Code Protection bit
  1504                           ;	CPD = OFF, Data memory code protection is disabled
  1505                           ;	Brown Out Reset Selection bits
  1506                           ;	BOREN = OFF, BOR disabled
  1507                           ;	Internal External Switchover bit
  1508                           ;	IESO = OFF, Internal/External Switchover mode is disabled
  1509                           ;	Fail-Safe Clock Monitor Enabled bit
  1510                           ;	FCMEN = OFF, Fail-Safe Clock Monitor is disabled
  1511                           ;	Low Voltage Programming Enable bit
  1512                           ;	LVP = OFF, RB3 pin has digital I/O, HV on MCLR must be used for programming
  1513                           ;	In-Circuit Debugger Mode bit
  1514                           ;	DEBUG = 0x1, unprogrammed default
  1515  2007                     	org	8199
  1516  2007  20D4               	dw	8404
  1517                           
  1518                           ;Config register CONFIG2 @ 0x2008
  1519                           ;	Brown-out Reset Selection bit
  1520                           ;	BOR4V = BOR40V, Brown-out Reset set to 4.0V
  1521                           ;	Flash Program Memory Self Write Enable bits
  1522                           ;	WRT = OFF, Write protection off
  1523  2008                     	org	8200
  1524  2008  3FFF               	dw	16383

Data Sizes:
    Strings     0
    Constant    0
    Data        0
    BSS         0
    Persistent  0
    Stack       0

Auto Spaces:
    Space          Size  Autos    Used
    COMMON           14     11      11
    BANK0            80     16      16
    BANK1            80      0       0
    BANK3            96      0       0
    BANK2            96      0       0

Pointer List with Targets:

    None.

Critical Paths under _main in COMMON

    _I2C_Master_Init->___lldiv

Critical Paths under _isr in COMMON

    None.

Critical Paths under _main in BANK0

    _setup->_I2C_Master_Init
    _I2C_Master_Init->___lldiv

Critical Paths under _isr in BANK0

    None.

Critical Paths under _main in BANK1

    None.

Critical Paths under _isr in BANK1

    None.

Critical Paths under _main in BANK3

    None.

Critical Paths under _isr in BANK3

    None.

Critical Paths under _main in BANK2

    None.

Critical Paths under _isr in BANK2

    None.

Call Graph Tables:

 ---------------------------------------------------------------------------------
 (Depth) Function   	        Calls       Base Space   Used Autos Params    Refs
 ---------------------------------------------------------------------------------
 (0) _main                                                 3     3      0    1011
                                             13 BANK0      3     3      0
                    _I2C_Master_Read
                   _I2C_Master_Start
                    _I2C_Master_Stop
                   _I2C_Master_Write
                              _setup
 ---------------------------------------------------------------------------------
 (1) _setup                                                0     0      0     488
                    _I2C_Master_Init
 ---------------------------------------------------------------------------------
 (2) _I2C_Master_Init                                      8     4      4     488
                                              5 BANK0      8     4      4
                            ___lldiv
 ---------------------------------------------------------------------------------
 (3) ___lldiv                                             14     6      8     314
                                              2 COMMON     9     1      8
                                              0 BANK0      5     5      0
 ---------------------------------------------------------------------------------
 (1) _I2C_Master_Write                                     2     0      2     326
                                              2 COMMON     2     0      2
                    _I2C_Master_Wait
 ---------------------------------------------------------------------------------
 (1) _I2C_Master_Stop                                      0     0      0       0
                    _I2C_Master_Wait
 ---------------------------------------------------------------------------------
 (1) _I2C_Master_Start                                     0     0      0       0
                    _I2C_Master_Wait
 ---------------------------------------------------------------------------------
 (1) _I2C_Master_Read                                      6     4      2     197
                                              2 COMMON     6     4      2
                    _I2C_Master_Wait
 ---------------------------------------------------------------------------------
 (2) _I2C_Master_Wait                                      0     0      0       0
 ---------------------------------------------------------------------------------
 Estimated maximum stack depth 3
 ---------------------------------------------------------------------------------
 (Depth) Function   	        Calls       Base Space   Used Autos Params    Refs
 ---------------------------------------------------------------------------------
 (4) _isr                                                  2     2      0       0
                                              0 COMMON     2     2      0
 ---------------------------------------------------------------------------------
 Estimated maximum stack depth 4
 ---------------------------------------------------------------------------------

 Call Graph Graphs:

 _main (ROOT)
   _I2C_Master_Read
     _I2C_Master_Wait
   _I2C_Master_Start
     _I2C_Master_Wait
   _I2C_Master_Stop
     _I2C_Master_Wait
   _I2C_Master_Write
     _I2C_Master_Wait
   _setup
     _I2C_Master_Init
       ___lldiv

 _isr (ROOT)

 Address spaces:
Name               Size   Autos  Total    Cost      Usage
BITCOMMON            E      0       0       0        0.0%
EEDATA             100      0       0       0        0.0%
NULL                 0      0       0       0        0.0%
CODE                 0      0       0       0        0.0%
COMMON               E      B       B       1       78.6%
BITSFR0              0      0       0       1        0.0%
SFR0                 0      0       0       1        0.0%
BITSFR1              0      0       0       2        0.0%
SFR1                 0      0       0       2        0.0%
STACK                0      0       0       2        0.0%
ABS                  0      0       0       3        0.0%
BITBANK0            50      0       0       4        0.0%
BITSFR3              0      0       0       4        0.0%
SFR3                 0      0       0       4        0.0%
BANK0               50     10      10       5       20.0%
BITSFR2              0      0       0       5        0.0%
SFR2                 0      0       0       5        0.0%
BITBANK1            50      0       0       6        0.0%
BANK1               50      0       0       7        0.0%
BITBANK3            60      0       0       8        0.0%
BANK3               60      0       0       9        0.0%
BITBANK2            60      0       0      10        0.0%
BANK2               60      0       0      11        0.0%
DATA                 0      0       0      12        0.0%


Microchip Technology PIC Macro Assembler V2.31 build 20201012212115 
Symbol Table                                                                                   Mon Aug 09 11:37:34 2021

                       l50 016F                         l44 0018                         l82 019E  
                       l85 01AA                         l94 01BD                         l79 013D  
                       l88 01C6                         l97 01B4                         u90 01A4  
                       u91 01A3                        l100 0195                        l101 0198  
                      l102 019D                        l292 0105                        l800 01A4  
                      l834 01BE                        l836 01C3                        l860 01BA  
                      l858 01B5                        l980 00C4                        l972 009E  
                      l798 019E                        l990 00F7                        l982 00CD  
                      l974 00B0                        l984 00DF                        l976 00B3  
                      l992 00FD                        l986 00ED                        l978 00C0  
                      _GIE 005F                        l988 00EE                        l996 0106  
                      l998 010A                        _RD0 0040                        _RD1 0041  
                      _RD2 0042                        _RE0 0048                        _RD3 0043  
                      _RE1 0049                        u100 01AA                        _RD4 0044  
                      u101 01A9                        _RD5 0045                        _RD6 0046  
                      _RD7 0047                        u300 011D                        u310 0191  
                      u230 00B0                        u311 0190                        u231 00AF  
                      u305 0118                        u250 00C4                        u251 00C3  
                      u245 00B5                        u270 00DF                        u271 00DE  
                      u327 003F                        u265 00C6                        u337 0065  
                      u290 00FD                        u291 00FC                        u275 00DB  
                      u347 0093                        u285 00EF                        _isr 01C7  
                     l1000 010D                       l1002 013A                       l1010 014D  
                     l1004 013B                       l1020 0160                       l1012 015A  
                     l1030 017D                       l1022 01AB                       l1006 013C  
                     l1014 015D                       l1032 0186                       l1024 01B0  
                     l1016 015E                       l1008 013E                       l1034 018B  
                     l1026 0170                       l1018 015F                       l1050 0054  
                     l1042 0013                       l1036 0191                       l1028 0175  
                     l1052 006C                       l1044 0037                       l1038 0199  
                     l1054 0071                       l1046 0046                       l1056 007A  
                     l1048 004B                       l1058 0086                       ?_isr 0070  
                     _PEIE 005E                       i1l39 01C7                       _main 0013  
                     btemp 007E                       start 000C                      ??_isr 0070  
         ?_I2C_Master_Init 0025           ?_I2C_Master_Read 0072           ?_I2C_Master_Wait 0070  
         ?_I2C_Master_Stop 0070                      ?_main 0070                      _ANSEL 0188  
          __end_of___lldiv 0106                      _PORTA 0005                      _PORTB 0006  
                    _PORTC 0007                      _PORTD 0008                      _PORTE 0009  
                    _TRISB 0086                      _TRISD 0088                      _SSPIE 0463  
                    _SSPIF 0063                      _setup 013E                      pclath 000A  
                    status 0003                      wtemp0 007E            __initialization 000F  
             __end_of_main 009E                     ??_main 002D          ?_I2C_Master_Start 0070  
        ?_I2C_Master_Write 0072         ??_I2C_Master_Start 0072         ??_I2C_Master_Write 0074  
                   ?_setup 0070                     _ANSELH 0189                     _SSPADD 0093  
                   _TRISC3 043B                     _TRISC4 043C                     _SSPCON 0014  
                   _SSPBUF 0013                  ??___lldiv 007A                     saved_w 007E  
  __end_of__initialization 000F             __pcstackCOMMON 0070              __end_of_setup 0170  
                  ??_setup 007B                 __pmaintext 0013                 __pintentry 0004  
                  _SSPCON2 0091                    _SSPSTAT 0094                    ___lldiv 009E  
                  __ptext1 013E                    __ptext2 0106                    __ptext3 009E  
                  __ptext4 01AB                    __ptext5 01B5                    __ptext6 01BE  
                  __ptext7 0170                    __ptext8 019E                    __ptext9 01C7  
             __size_of_isr 0007   __size_of_I2C_Master_Init 0038   __size_of_I2C_Master_Read 002E  
 __size_of_I2C_Master_Wait 000D   __size_of_I2C_Master_Stop 0009       end_of_initialization 000F  
__size_of_I2C_Master_Start 0009  __size_of_I2C_Master_Write 000A            ___lldiv@divisor 0072  
          ___lldiv@counter 0024           I2C_Master_Init@c 0025           I2C_Master_Read@a 0072  
                _TRISCbits 0087        start_initialization 000F                __end_of_isr 01CE  
        ??_I2C_Master_Init 0029          ??_I2C_Master_Read 0074          ??_I2C_Master_Wait 0072  
        ??_I2C_Master_Stop 0072                  ___latbits 0002              __pcstackBANK0 0020  
         _I2C_Master_Start 01BE           _I2C_Master_Write 01AB                   ?___lldiv 0072  
           __size_of_setup 0032          interrupt_function 0004        I2C_Master_Read@temp 0076  
         __size_of___lldiv 0068            _I2C_Master_Init 0106            _I2C_Master_Read 0170  
          _I2C_Master_Wait 019E            _I2C_Master_Stop 01B5              __size_of_main 008B  
 __end_of_I2C_Master_Start 01C7   __end_of_I2C_Master_Write 01B5                   intlevel1 0000  
         ___lldiv@dividend 0076                 _OSCCONbits 008F    __end_of_I2C_Master_Init 013E  
  __end_of_I2C_Master_Read 019E    __end_of_I2C_Master_Wait 01AB    __end_of_I2C_Master_Stop 01BE  
         ___lldiv@quotient 0020          I2C_Master_Write@d 0072                _SSPCON2bits 0091  
